# JRE version: Java(TM) SE Runtime Environment (8.0_111-b14) (build 1.8.0_111-b14)
# Java VM: Java HotSpot(TM) 64-Bit Server VM (25.111-b14 mixed mode windows-amd64 compressed oops)
Heap:
 PSYoungGen      total 163840K, used 137953K [0x00000000d6e00000, 0x00000000e4d00000, 0x0000000100000000)
  eden space 150528K, 82% used [0x00000000d6e00000,0x00000000de7c0310,0x00000000e0100000)
  from space 13312K, 99% used [0x00000000e0100000,0x00000000e0df83d0,0x00000000e0e00000)
  to   space 18944K, 0% used [0x00000000e3a80000,0x00000000e3a80000,0x00000000e4d00000)
 ParOldGen       total 83968K, used 21631K [0x0000000084a00000, 0x0000000089c00000, 0x00000000d6e00000)
  object space 83968K, 25% used [0x0000000084a00000,0x0000000085f1ff60,0x0000000089c00000)
 Metaspace       used 55914K, capacity 58864K, committed 59008K, reserved 1099776K
  class space    used 7731K, capacity 8262K, committed 8320K, reserved 1048576K
GC Heap History (10 events):
Event: 3.829 GC heap before
{Heap before GC invocations=7 (full 1):
 PSYoungGen      total 68608K, used 63488K [0x00000000d6e00000, 0x00000000dfe00000, 0x0000000100000000)
  eden space 63488K, 100% used [0x00000000d6e00000,0x00000000dac00000,0x00000000dac00000)
  from space 5120K, 0% used [0x00000000dac00000,0x00000000dac00000,0x00000000db100000)
  to   space 10240K, 0% used [0x00000000df400000,0x00000000df400000,0x00000000dfe00000)
 ParOldGen       total 57344K, used 9361K [0x0000000084a00000, 0x0000000088200000, 0x00000000d6e00000)
  object space 57344K, 16% used [0x0000000084a00000,0x0000000085324438,0x0000000088200000)
 Metaspace       used 21891K, capacity 22792K, committed 23168K, reserved 1069056K
  class space    used 2860K, capacity 3075K, committed 3200K, reserved 1048576K
Event: 3.834 GC heap after
Heap after GC invocations=7 (full 1):
 PSYoungGen      total 102400K, used 2535K [0x00000000d6e00000, 0x00000000df680000, 0x0000000100000000)
  eden space 99840K, 0% used [0x00000000d6e00000,0x00000000d6e00000,0x00000000dcf80000)
  from space 2560K, 99% used [0x00000000df400000,0x00000000df679ff0,0x00000000df680000)
  to   space 10240K, 0% used [0x00000000de280000,0x00000000de280000,0x00000000dec80000)
 ParOldGen       total 57344K, used 9369K [0x0000000084a00000, 0x0000000088200000, 0x00000000d6e00000)
  object space 57344K, 16% used [0x0000000084a00000,0x0000000085326438,0x0000000088200000)
 Metaspace       used 21891K, capacity 22792K, committed 23168K, reserved 1069056K
  class space    used 2860K, capacity 3075K, committed 3200K, reserved 1048576K
}
Event: 7.952 GC heap before
{Heap before GC invocations=8 (full 1):
 PSYoungGen      total 102400K, used 102375K [0x00000000d6e00000, 0x00000000df680000, 0x0000000100000000)
  eden space 99840K, 100% used [0x00000000d6e00000,0x00000000dcf80000,0x00000000dcf80000)
  from space 2560K, 99% used [0x00000000df400000,0x00000000df679ff0,0x00000000df680000)
  to   space 10240K, 0% used [0x00000000de280000,0x00000000de280000,0x00000000dec80000)
 ParOldGen       total 57344K, used 9369K [0x0000000084a00000, 0x0000000088200000, 0x00000000d6e00000)
  object space 57344K, 16% used [0x0000000084a00000,0x0000000085326438,0x0000000088200000)
 Metaspace       used 29651K, capacity 31404K, committed 31488K, reserved 1077248K
  class space    used 3942K, capacity 4272K, committed 4352K, reserved 1048576K
Event: 7.967 GC heap after
Heap after GC invocations=8 (full 1):
 PSYoungGen      total 129536K, used 10231K [0x00000000d6e00000, 0x00000000e1a80000, 0x0000000100000000)
  eden space 119296K, 0% used [0x00000000d6e00000,0x00000000d6e00000,0x00000000de280000)
  from space 10240K, 99% used [0x00000000de280000,0x00000000dec7dda8,0x00000000dec80000)
  to   space 12800K, 0% used [0x00000000e0e00000,0x00000000e0e00000,0x00000000e1a80000)
 ParOldGen       total 57344K, used 10680K [0x0000000084a00000, 0x0000000088200000, 0x00000000d6e00000)
  object space 57344K, 18% used [0x0000000084a00000,0x000000008546e3b0,0x0000000088200000)
 Metaspace       used 29651K, capacity 31404K, committed 31488K, reserved 1077248K
  class space    used 3942K, capacity 4272K, committed 4352K, reserved 1048576K
}
Event: 9.673 GC heap before
{Heap before GC invocations=9 (full 1):
 PSYoungGen      total 129536K, used 112733K [0x00000000d6e00000, 0x00000000e1a80000, 0x0000000100000000)
  eden space 119296K, 85% used [0x00000000d6e00000,0x00000000dd219698,0x00000000de280000)
  from space 10240K, 99% used [0x00000000de280000,0x00000000dec7dda8,0x00000000dec80000)
  to   space 12800K, 0% used [0x00000000e0e00000,0x00000000e0e00000,0x00000000e1a80000)
 ParOldGen       total 57344K, used 10680K [0x0000000084a00000, 0x0000000088200000, 0x00000000d6e00000)
  object space 57344K, 18% used [0x0000000084a00000,0x000000008546e3b0,0x0000000088200000)
 Metaspace       used 33569K, capacity 35412K, committed 35456K, reserved 1079296K
  class space    used 4367K, capacity 4732K, committed 4736K, reserved 1048576K
Event: 9.687 GC heap after
Heap after GC invocations=9 (full 1):
 PSYoungGen      total 163328K, used 9313K [0x00000000d6e00000, 0x00000000e3480000, 0x0000000100000000)
  eden space 150528K, 0% used [0x00000000d6e00000,0x00000000d6e00000,0x00000000e0100000)
  from space 12800K, 72% used [0x00000000e0e00000,0x00000000e17187e0,0x00000000e1a80000)
  to   space 13312K, 0% used [0x00000000e0100000,0x00000000e0100000,0x00000000e0e00000)
 ParOldGen       total 57344K, used 10688K [0x0000000084a00000, 0x0000000088200000, 0x00000000d6e00000)
  object space 57344K, 18% used [0x0000000084a00000,0x00000000854703b0,0x0000000088200000)
 Metaspace       used 33569K, capacity 35412K, committed 35456K, reserved 1079296K
  class space    used 4367K, capacity 4732K, committed 4736K, reserved 1048576K
}
Event: 9.687 GC heap before
{Heap before GC invocations=10 (full 2):
 PSYoungGen      total 163328K, used 9313K [0x00000000d6e00000, 0x00000000e3480000, 0x0000000100000000)
  eden space 150528K, 0% used [0x00000000d6e00000,0x00000000d6e00000,0x00000000e0100000)
  from space 12800K, 72% used [0x00000000e0e00000,0x00000000e17187e0,0x00000000e1a80000)
  to   space 13312K, 0% used [0x00000000e0100000,0x00000000e0100000,0x00000000e0e00000)
 ParOldGen       total 57344K, used 10688K [0x0000000084a00000, 0x0000000088200000, 0x00000000d6e00000)
  object space 57344K, 18% used [0x0000000084a00000,0x00000000854703b0,0x0000000088200000)
 Metaspace       used 33569K, capacity 35412K, committed 35456K, reserved 1079296K
  class space    used 4367K, capacity 4732K, committed 4736K, reserved 1048576K
Event: 9.780 GC heap after
Heap after GC invocations=10 (full 2):
 PSYoungGen      total 163328K, used 0K [0x00000000d6e00000, 0x00000000e3480000, 0x0000000100000000)
  eden space 150528K, 0% used [0x00000000d6e00000,0x00000000d6e00000,0x00000000e0100000)
  from space 12800K, 0% used [0x00000000e0e00000,0x00000000e0e00000,0x00000000e1a80000)
  to   space 13312K, 0% used [0x00000000e0100000,0x00000000e0100000,0x00000000e0e00000)
 ParOldGen       total 83968K, used 13330K [0x0000000084a00000, 0x0000000089c00000, 0x00000000d6e00000)
  object space 83968K, 15% used [0x0000000084a00000,0x0000000085704988,0x0000000089c00000)
 Metaspace       used 33569K, capacity 35412K, committed 35456K, reserved 1079296K
  class space    used 4367K, capacity 4732K, committed 4736K, reserved 1048576K
}
Event: 16.828 GC heap before
{Heap before GC invocations=11 (full 2):
 PSYoungGen      total 163328K, used 150528K [0x00000000d6e00000, 0x00000000e3480000, 0x0000000100000000)
  eden space 150528K, 100% used [0x00000000d6e00000,0x00000000e0100000,0x00000000e0100000)
  from space 12800K, 0% used [0x00000000e0e00000,0x00000000e0e00000,0x00000000e1a80000)
  to   space 13312K, 0% used [0x00000000e0100000,0x00000000e0100000,0x00000000e0e00000)
 ParOldGen       total 83968K, used 13330K [0x0000000084a00000, 0x0000000089c00000, 0x00000000d6e00000)
  object space 83968K, 15% used [0x0000000084a00000,0x0000000085704988,0x0000000089c00000)
 Metaspace       used 51327K, capacity 54132K, committed 54272K, reserved 1095680K
  class space    used 7180K, capacity 7674K, committed 7680K, reserved 1048576K
Event: 16.863 GC heap after
Heap after GC invocations=11 (full 2):
 PSYoungGen      total 163840K, used 13280K [0x00000000d6e00000, 0x00000000e4d00000, 0x0000000100000000)
  eden space 150528K, 0% used [0x00000000d6e00000,0x00000000d6e00000,0x00000000e0100000)
  from space 13312K, 99% used [0x00000000e0100000,0x00000000e0df83d0,0x00000000e0e00000)
  to   space 18944K, 0% used [0x00000000e3a80000,0x00000000e3a80000,0x00000000e4d00000)
 ParOldGen       total 83968K, used 21631K [0x0000000084a00000, 0x0000000089c00000, 0x00000000d6e00000)
  object space 83968K, 25% used [0x0000000084a00000,0x0000000085f1ff60,0x0000000089c00000)
 Metaspace       used 51327K, capacity 54132K, committed 54272K, reserved 1095680K
  class space    used 7180K, capacity 7674K, committed 7680K, reserved 1048576K
}

